-------------------------------------------------------------------------------
For unordered map
-------------------------------------------------------------------------------
/home/nandanv/code/C++/scratch_pad/src/main.cpp:21
...............................................................................

benchmark name                       samples       iterations    estimated
                                     mean          low mean      high mean
                                     std dev       low std dev   high std dev
-------------------------------------------------------------------------------
Insert 100 elements                            100             4     9.1964 ms
                                        23.3595 us    22.9206 us    23.9321 us
                                        2.54169 us    2.05106 us    3.12536 us

Access 99th element                            100          1013      7.091 ms
                                        66.4557 ns     65.479 ns    68.1678 ns
                                        6.43619 ns    4.16328 ns    9.68376 ns

Find 99th index                                100          2569     6.9363 ms
                                        27.6535 ns    27.0014 ns    28.7752 ns
                                        4.26999 ns    2.85183 ns    6.49416 ns


-------------------------------------------------------------------------------
For map
-------------------------------------------------------------------------------
/home/nandanv/code/C++/scratch_pad/src/main.cpp:47
...............................................................................

benchmark name                       samples       iterations    estimated
                                     mean          low mean      high mean
                                     std dev       low std dev   high std dev
-------------------------------------------------------------------------------
Insert 100 elements                            100             3     7.3422 ms
                                        24.1692 us    23.9039 us    24.7697 us
                                        1.92459 us    1.06742 us    3.75331 us

Access 99th element                            100           480      7.152 ms
                                        135.947 ns    135.567 ns    136.455 ns
                                        2.22496 ns    1.74246 ns    2.93256 ns

Find 99th index                                100           573     7.1052 ms
                                        121.173 ns    118.147 ns     131.78 ns
                                        25.7321 ns    7.52774 ns    58.0663 ns


===============================================================================
All tests passed (2 assertions in 2 test cases)

-------------------------------------------------------------------------------
For unordered map
-------------------------------------------------------------------------------
/home/nandanv/code/C++/scratch_pad/src/main.cpp:21
...............................................................................

benchmark name                       samples       iterations    estimated
                                     mean          low mean      high mean
                                     std dev       low std dev   high std dev
-------------------------------------------------------------------------------
Insert 5,000 elements                          100             1    117.456 ms
                                        1.12104 ms    1.11171 ms    1.13509 ms
                                        57.2809 us    42.3918 us    82.7187 us

Access 4,999th element                         100           877     7.1037 ms
                                        81.8871 ns    81.6104 ns    82.1738 ns
                                        1.44046 ns     1.3392 ns    1.64134 ns

Find 4,999th index                             100          1966     7.0776 ms
                                        34.5618 ns    34.4599 ns    34.9001 ns
                                        0.84928 ns   0.290081 ns    1.89623 ns


-------------------------------------------------------------------------------
For map
-------------------------------------------------------------------------------
/home/nandanv/code/C++/scratch_pad/src/main.cpp:53
...............................................................................

benchmark name                       samples       iterations    estimated
                                     mean          low mean      high mean
                                     std dev       low std dev   high std dev
-------------------------------------------------------------------------------
Insert 5,000 elements                          100             1    206.966 ms
                                        2.02815 ms      1.983 ms    2.11837 ms
                                        313.879 us    188.824 us    491.593 us

Access 4,999th element                         100           196     7.1932 ms
                                        356.458 ns    354.003 ns    359.873 ns
                                         14.573 ns    10.7128 ns    21.5779 ns

Find 4,999th index                             100           202      7.171 ms
                                        371.059 ns    363.562 ns    379.044 ns
                                        39.4701 ns    35.8397 ns    47.2344 ns


===============================================================================
All tests passed (2 assertions in 2 test cases)

-------------------------------------------------------------------------------
For unordered map
-------------------------------------------------------------------------------
/home/nandanv/code/C++/scratch_pad/src/main.cpp:21
...............................................................................

benchmark name                       samples       iterations    estimated
                                     mean          low mean      high mean
                                     std dev       low std dev   high std dev
-------------------------------------------------------------------------------
Insert 50,000 elements                         100             1     1.22922 s
                                        12.2846 ms    11.9885 ms    12.7712 ms
                                        1.90148 ms    1.28399 ms    2.65503 ms

Access 49,999th element                        100           867     7.1094 ms
                                        78.6693 ns    77.9961 ns    79.7306 ns
                                        4.26441 ns    3.03544 ns    5.81067 ns

Find 49,999th index                            100          1988      6.958 ms
                                        34.4255 ns    34.1994 ns    34.9055 ns
                                        1.60416 ns   0.740573 ns    2.87453 ns


-------------------------------------------------------------------------------
For map
-------------------------------------------------------------------------------
/home/nandanv/code/C++/scratch_pad/src/main.cpp:53
...............................................................................

benchmark name                       samples       iterations    estimated
                                     mean          low mean      high mean
                                     std dev       low std dev   high std dev
-------------------------------------------------------------------------------
Insert 50,000 elements                         100             1     2.34153 s
                                        22.8575 ms    22.7538 ms    23.0471 ms
                                        694.002 us    446.433 us    1.28511 ms

Access 49,999th element                        100           166      7.138 ms
                                        373.072 ns    367.066 ns    384.383 ns
                                         40.574 ns    22.4106 ns    67.6796 ns

Find 49,999th index                            100           181     7.1314 ms
                                         365.54 ns    361.054 ns    371.924 ns
                                        27.0219 ns    21.3252 ns    37.9262 ns


===============================================================================
All tests passed (2 assertions in 2 test cases)